e:\games\acm cyber\cyber-aimbot\csgoaimbot\project1\debug\vc142.pdb
e:\games\acm cyber\cyber-aimbot\csgoaimbot\project1\debug\vc142.idb
e:\games\acm cyber\cyber-aimbot\csgoaimbot\project1\debug\source.obj
e:\games\acm cyber\cyber-aimbot\csgoaimbot\project1\debug\player.obj
e:\games\acm cyber\cyber-aimbot\csgoaimbot\project1\debug\localplayer.obj
e:\games\acm cyber\cyber-aimbot\csgoaimbot\debug\csgo-aimbot.ilk
e:\games\acm cyber\cyber-aimbot\csgoaimbot\debug\csgo-aimbot.dll
e:\games\acm cyber\cyber-aimbot\csgoaimbot\debug\csgo-aimbot.pdb
e:\games\acm cyber\game-hacking-workshop\cyber-aimbot\csgoaimbot\project1\debug\localplayer.obj
e:\games\acm cyber\game-hacking-workshop\cyber-aimbot\csgoaimbot\project1\debug\player.obj
e:\games\acm cyber\game-hacking-workshop\cyber-aimbot\csgoaimbot\project1\debug\source.obj
e:\games\acm cyber\game-hacking-workshop\cyber-aimbot\csgoaimbot\project1\debug\vc142.idb
e:\games\acm cyber\game-hacking-workshop\cyber-aimbot\csgoaimbot\project1\debug\vc142.pdb
e:\games\acm cyber\game-hacking-workshop\cyber-aimbot\csgoaimbot\debug\csgo-aimbot.pdb
e:\games\acm cyber\game-hacking-workshop\cyber-aimbot\csgoaimbot\debug\csgo-aimbot.dll
e:\games\acm cyber\game-hacking-workshop\cyber-aimbot\csgoaimbot\debug\csgo-aimbot.ilk
e:\games\acm cyber\game-hacking-workshop\cyber-aimbot\csgoaimbot\project1\debug\csgo-aimbot.tlog\cl.command.1.tlog
e:\games\acm cyber\game-hacking-workshop\cyber-aimbot\csgoaimbot\project1\debug\csgo-aimbot.tlog\cl.read.1.tlog
e:\games\acm cyber\game-hacking-workshop\cyber-aimbot\csgoaimbot\project1\debug\csgo-aimbot.tlog\cl.write.1.tlog
e:\games\acm cyber\game-hacking-workshop\cyber-aimbot\csgoaimbot\project1\debug\csgo-aimbot.tlog\link.command.1.tlog
e:\games\acm cyber\game-hacking-workshop\cyber-aimbot\csgoaimbot\project1\debug\csgo-aimbot.tlog\link.read.1.tlog
e:\games\acm cyber\game-hacking-workshop\cyber-aimbot\csgoaimbot\project1\debug\csgo-aimbot.tlog\link.write.1.tlog
